{"C:\\Users\\Junior\\Desktop\\testing trainig\\src\\Shiritori Game\\Shiritori.ts": {"path":"C:\\Users\\Junior\\Desktop\\testing trainig\\src\\Shiritori Game\\Shiritori.ts","statementMap":{"0":{"start":{"line":3,"column":24},"end":{"line":3,"column":43}},"1":{"start":{"line":3,"column":54},"end":{"line":3,"column":75}},"2":{"start":{"line":6,"column":8},"end":{"line":6,"column":27}},"3":{"start":{"line":10,"column":8},"end":{"line":10,"column":null}},"4":{"start":{"line":14,"column":8},"end":{"line":14,"column":null}},"5":{"start":{"line":18,"column":8},"end":{"line":18,"column":null}},"6":{"start":{"line":22,"column":25},"end":{"line":22,"column":59}},"7":{"start":{"line":24,"column":8},"end":{"line":26,"column":9}},"8":{"start":{"line":25,"column":12},"end":{"line":25,"column":null}},"9":{"start":{"line":28,"column":8},"end":{"line":38,"column":9}},"10":{"start":{"line":29,"column":32},"end":{"line":29,"column":39}},"11":{"start":{"line":30,"column":31},"end":{"line":30,"column":59}},"12":{"start":{"line":32,"column":12},"end":{"line":37,"column":13}},"13":{"start":{"line":33,"column":16},"end":{"line":33,"column":null}},"14":{"start":{"line":35,"column":16},"end":{"line":35,"column":null}},"15":{"start":{"line":36,"column":15},"end":{"line":36,"column":null}},"16":{"start":{"line":43,"column":8},"end":{"line":43,"column":25}},"17":{"start":{"line":44,"column":8},"end":{"line":44,"column":null}},"18":{"start":{"line":45,"column":8},"end":{"line":45,"column":null}},"19":{"start":{"line":1,"column":0},"end":{"line":1,"column":13}}},"fnMap":{"0":{"name":"(anonymous_0)","decl":{"start":{"line":3,"column":4},"end":{"line":3,"column":24}},"loc":{"start":{"line":3,"column":80},"end":{"line":3,"column":84}}},"1":{"name":"(anonymous_1)","decl":{"start":{"line":5,"column":4},"end":{"line":5,"column":8}},"loc":{"start":{"line":5,"column":13},"end":{"line":7,"column":5}}},"2":{"name":"(anonymous_2)","decl":{"start":{"line":9,"column":4},"end":{"line":9,"column":8}},"loc":{"start":{"line":9,"column":14},"end":{"line":11,"column":5}}},"3":{"name":"(anonymous_3)","decl":{"start":{"line":13,"column":4},"end":{"line":13,"column":8}},"loc":{"start":{"line":13,"column":28},"end":{"line":15,"column":5}}},"4":{"name":"(anonymous_4)","decl":{"start":{"line":17,"column":12},"end":{"line":17,"column":22}},"loc":{"start":{"line":17,"column":34},"end":{"line":19,"column":5}}},"5":{"name":"(anonymous_5)","decl":{"start":{"line":21,"column":11},"end":{"line":21,"column":15}},"loc":{"start":{"line":21,"column":28},"end":{"line":40,"column":5}}},"6":{"name":"(anonymous_6)","decl":{"start":{"line":41,"column":11},"end":{"line":41,"column":18}},"loc":{"start":{"line":41,"column":18},"end":{"line":46,"column":5}}}},"branchMap":{"0":{"loc":{"start":{"line":3,"column":24},"end":{"line":3,"column":45}},"type":"default-arg","locations":[{"start":{"line":3,"column":43},"end":{"line":3,"column":45}}]},"1":{"loc":{"start":{"line":3,"column":54},"end":{"line":3,"column":80}},"type":"default-arg","locations":[{"start":{"line":3,"column":75},"end":{"line":3,"column":80}}]},"2":{"loc":{"start":{"line":24,"column":8},"end":{"line":26,"column":9}},"type":"if","locations":[{"start":{"line":24,"column":8},"end":{"line":26,"column":9}}]},"3":{"loc":{"start":{"line":28,"column":8},"end":{"line":38,"column":9}},"type":"if","locations":[{"start":{"line":28,"column":8},"end":{"line":38,"column":9}}]},"4":{"loc":{"start":{"line":32,"column":12},"end":{"line":37,"column":13}},"type":"if","locations":[{"start":{"line":32,"column":12},"end":{"line":37,"column":13}},{"start":{"line":34,"column":18},"end":{"line":37,"column":13}}]}},"s":{"0":6,"1":6,"2":8,"3":1,"4":1,"5":6,"6":7,"7":7,"8":4,"9":7,"10":3,"11":3,"12":3,"13":2,"14":1,"15":1,"16":1,"17":1,"18":1,"19":1},"f":{"0":6,"1":8,"2":1,"3":1,"4":6,"5":7,"6":1},"b":{"0":[6],"1":[6],"2":[4],"3":[3],"4":[2,1]}}
}
