TN:
SF:src\Shiritori Game\Shiritori.ts
FN:3,(anonymous_0)
FN:5,(anonymous_1)
FN:9,(anonymous_2)
FN:13,(anonymous_3)
FN:17,(anonymous_4)
FN:21,(anonymous_5)
FN:41,(anonymous_6)
FNF:7
FNH:7
FNDA:6,(anonymous_0)
FNDA:8,(anonymous_1)
FNDA:1,(anonymous_2)
FNDA:1,(anonymous_3)
FNDA:6,(anonymous_4)
FNDA:7,(anonymous_5)
FNDA:1,(anonymous_6)
DA:1,1
DA:3,6
DA:6,8
DA:10,1
DA:14,1
DA:18,6
DA:22,7
DA:24,7
DA:25,4
DA:28,7
DA:29,3
DA:30,3
DA:32,3
DA:33,2
DA:35,1
DA:36,1
DA:43,1
DA:44,1
DA:45,1
LF:19
LH:19
BRDA:3,0,0,6
BRDA:3,1,0,6
BRDA:24,2,0,4
BRDA:28,3,0,3
BRDA:32,4,0,2
BRDA:32,4,1,1
BRF:6
BRH:6
end_of_record
